<?xml version="1.0" encoding="UTF-8"?>
<testsuite xmlns:xsi="http://www.w3.org/2001/XMLSchema-instance" xsi:noNamespaceSchemaLocation="https://maven.apache.org/surefire/maven-surefire-plugin/xsd/surefire-test-report.xsd" version="3.0.2" name="com.musicplayer.BranoModificaTest" time="0.074" tests="3" errors="0" skipped="0" failures="0">
  <properties>
[...]
</properties>
  <testcase name="testSetDettagli_ModificaValidaTuttiICampi_AggiornamentoCorretto" classname="com.musicplayer.BranoModificaTest" time="0.048"/>
  <testcase name="testSetDettagli_AnnoFormatoErrato_LanciaFormatoNonValido" classname="com.musicplayer.BranoModificaTest" time="0.001"/>
  <testcase name="testSetDettagli_CampoObbligatorioVuoto_LanciaCampoMancante" classname="com.musicplayer.BranoModificaTest" time="0.0"/>
</testsuite>